[02:35:04] [main/INFO]: Loading Minecraft 1.21.1 with Fabric Loader 0.16.3
[02:35:04] [main/INFO]: Loading 4 mods:
	- fabricloader 0.16.3
	   \-- mixinextras 0.4.1
	- java 21
	- minecraft 1.21.1
[02:35:04] [main/INFO]: SpongePowered MIXIN Subsystem Version=0.8.7 Source=file:/workspaces/Server2/servidor_minecraft/libraries/net/fabricmc/sponge-mixin/0.15.2+mixin.0.8.7/sponge-mixin-0.15.2+mixin.0.8.7.jar Service=Knot/Fabric Env=SERVER
[02:35:10] [main/INFO]: Environment: Environment[sessionHost=https://sessionserver.mojang.com, servicesHost=https://api.minecraftservices.com, name=PROD]
[02:35:12] [main/INFO]: Loaded 1290 recipes
[02:35:12] [main/INFO]: Loaded 1399 advancements
[02:35:12] [Server thread/INFO]: Starting minecraft server version 1.21.1
[02:35:12] [Server thread/INFO]: Loading properties
[02:35:12] [Server thread/INFO]: Default game type: SURVIVAL
[02:35:12] [Server thread/INFO]: Generating keypair
[02:35:12] [Server thread/INFO]: Starting Minecraft server on *:25565
[02:35:13] [Server thread/INFO]: Using epoll channel type
[02:35:13] [Server thread/INFO]: Preparing level "world"
[02:35:15] [Server thread/INFO]: Preparing start region for dimension minecraft:overworld
[02:35:15] [Worker-Main-1/INFO]: Preparing spawn area: 0%
[02:35:16] [Server thread/INFO]: Time elapsed: 564 ms
[02:35:16] [Server thread/INFO]: Done (2.919s)! For help, type "help"
[02:35:18] [User Authenticator #1/INFO]: UUID of player Arca_GG is 58eab0ef-4dda-4f68-87a6-758923805d65
[02:35:19] [Server thread/INFO]: Arca_GG[/100.98.59.6:59974] logged in with entity id 53 at (-42.5, 106.0, -8.5)
[02:35:19] [Server thread/INFO]: Arca_GG joined the game
[02:35:27] [User Authenticator #2/INFO]: UUID of player Mastergame51 is f01281b5-98de-4a9a-872f-556e8d56c13c
[02:35:28] [Server thread/INFO]: Mastergame51[/100.117.166.33:49360] logged in with entity id 265 at (-56.5, 98.0, -17.5)
[02:35:28] [Server thread/INFO]: Mastergame51 joined the game
[02:35:30] [Server thread/INFO]: Arca_GG lost connection: Disconnected
[02:35:30] [Server thread/INFO]: Arca_GG left the game
[02:35:31] [User Authenticator #3/INFO]: UUID of player Arca_GG is 58eab0ef-4dda-4f68-87a6-758923805d65
[02:35:32] [Server thread/INFO]: Arca_GG[/100.98.59.6:59995] logged in with entity id 272 at (-42.30045287835723, 106.0, -7.9320999371899426)
[02:35:32] [Server thread/INFO]: Arca_GG joined the game
[02:37:14] [Server thread/INFO]: Mastergame51 has made the advancement [Stone Age]
[02:37:36] [Server thread/INFO]: Mastergame51 has made the advancement [Getting an Upgrade]
[02:37:54] [Server thread/INFO]: Arca_GG has made the advancement [Getting an Upgrade]
[02:38:04] [Server thread/INFO]: Mastergame51 has made the advancement [Monster Hunter]
[02:38:12] [Server thread/INFO]: Arca_GG has made the advancement [Stone Age]
[02:42:01] [Server thread/INFO]: Mastergame51 lost connection: Disconnected
[02:42:01] [Server thread/INFO]: Mastergame51 left the game
[02:42:42] [Server thread/INFO]: Arca_GG has made the advancement [Sweet Dreams]
[02:48:37] [User Authenticator #4/INFO]: UUID of player Mastergame51 is f01281b5-98de-4a9a-872f-556e8d56c13c
[02:48:37] [Server thread/INFO]: Mastergame51[/100.117.166.33:50286] logged in with entity id 3745 at (-48.79628661724135, 89.0, -12.639828899971397)
[02:48:37] [Server thread/INFO]: Mastergame51 joined the game
[02:49:16] [Server thread/INFO]: Created new objective [vida]
[02:49:32] [Server thread/INFO]: Set display slot list to show objective vida
[02:53:21] [Server thread/INFO]: Mastergame51 lost connection: Disconnected
[02:53:21] [Server thread/INFO]: Mastergame51 left the game
[02:53:29] [User Authenticator #5/INFO]: UUID of player Mastergame51 is f01281b5-98de-4a9a-872f-556e8d56c13c
[02:53:29] [Server thread/INFO]: Mastergame51[/100.117.166.33:50424] logged in with entity id 5313 at (312.9711337470621, 95.0, 199.47567532687572)
[02:53:29] [Server thread/INFO]: Mastergame51 joined the game
[02:54:23] [Server thread/INFO]: Mastergame51 was shot by Skeleton
[02:56:05] [Server thread/INFO]: Arca_GG has made the advancement [Monster Hunter]
[02:57:39] [Server thread/INFO]: Mastergame51 has made the advancement [Acquire Hardware]
[02:59:18] [Server thread/INFO]: Mastergame51 has made the advancement [Isn't It Iron Pick]
[02:59:26] [Server thread/INFO]: Mastergame51 has made the advancement [Suit Up]
[03:00:34] [Server thread/INFO]: Mastergame51 has made the advancement [Not Today, Thank You]
[03:02:45] [Server thread/INFO]: Arca_GG has made the advancement [Acquire Hardware]
[03:03:35] [Server thread/INFO]: Arca_GG has made the advancement [Suit Up]
[03:06:55] [Server thread/INFO]: Arca_GG has made the advancement [Not Today, Thank You]
[03:15:20] [Server thread/INFO]: Arca_GG has made the advancement [Hot Stuff]
[03:16:13] [Server thread/INFO]: Arca_GG has made the advancement [Isn't It Iron Pick]
[03:16:57] [Server thread/INFO]: Arca_GG has made the advancement [Diamonds!]
[03:17:13] [Server thread/INFO]: Mastergame51 has made the advancement [Diamonds!]
[03:17:50] [Server thread/INFO]: Mastergame51 has made the advancement [Hot Stuff]
[03:24:20] [Server thread/INFO]: Mastergame51 has made the advancement [Sweet Dreams]
[03:24:26] [Server thread/WARN]: Failed to update secure chat state for Mastergame51: 'Chat disabled due to missing profile public key. Please try reconnecting.'
[03:24:26] [Server thread/INFO]: <Mastergame51> DUERME
[03:35:01] [Server thread/WARN]: Failed to update secure chat state for Arca_GG: 'Chat disabled due to missing profile public key. Please try reconnecting.'
[03:35:01] [Server thread/INFO]: <Arca_GG> duerme mrd
[03:38:20] [Server thread/INFO]: Arca_GG has made the advancement [Ice Bucket Challenge]
[03:51:30] [Server thread/INFO]: Arca_GG has made the advancement [A Seedy Place]
[03:51:58] [Server thread/INFO]: Mastergame51 has made the advancement [A Seedy Place]
[03:53:33] [Server thread/WARN]: Mismatch in destroy block pos: class_2338{x=1795, y=72, z=-142} class_2338{x=1794, y=70, z=-144}
[03:53:33] [Server thread/WARN]: Mismatch in destroy block pos: class_2338{x=1758, y=69, z=-239} class_2338{x=1757, y=67, z=-238}
[03:53:33] [Server thread/WARN]: Mismatch in destroy block pos: class_2338{x=1758, y=69, z=-239} class_2338{x=1757, y=67, z=-238}
[03:53:33] [Server thread/WARN]: Mismatch in destroy block pos: class_2338{x=1758, y=69, z=-239} class_2338{x=1757, y=67, z=-238}
[03:53:33] [Server thread/WARN]: Mismatch in destroy block pos: class_2338{x=1758, y=69, z=-239} class_2338{x=1757, y=67, z=-238}
[03:53:36] [Server thread/WARN]: Mismatch in destroy block pos: class_2338{x=1781, y=72, z=-146} class_2338{x=1780, y=70, z=-147}
[03:53:36] [Server thread/WARN]: Mismatch in destroy block pos: class_2338{x=1781, y=72, z=-146} class_2338{x=1780, y=70, z=-147}
[03:53:36] [Server thread/WARN]: Mismatch in destroy block pos: class_2338{x=1780, y=70, z=-150} class_2338{x=1780, y=70, z=-149}
[03:53:37] [Server thread/WARN]: Mismatch in destroy block pos: class_2338{x=1760, y=68, z=-236} class_2338{x=1760, y=66, z=-236}
[03:54:56] [Server thread/WARN]: Mismatch in destroy block pos: class_2338{x=1876, y=72, z=-254} class_2338{x=1876, y=71, z=-255}
[03:54:56] [Server thread/WARN]: Mismatch in destroy block pos: class_2338{x=1876, y=72, z=-254} class_2338{x=1876, y=71, z=-255}
[03:54:56] [Server thread/WARN]: Mismatch in destroy block pos: class_2338{x=1876, y=72, z=-254} class_2338{x=1876, y=71, z=-255}
[03:55:05] [Server thread/WARN]: Mismatch in destroy block pos: class_2338{x=1877, y=70, z=-261} class_2338{x=1877, y=70, z=-260}
[03:55:09] [Server thread/WARN]: Mismatch in destroy block pos: class_2338{x=1866, y=70, z=-258} class_2338{x=1867, y=70, z=-257}
[03:55:10] [Server thread/WARN]: Mismatch in destroy block pos: class_2338{x=1869, y=71, z=-263} class_2338{x=1870, y=69, z=-262}
[03:56:33] [Server thread/WARN]: Mismatch in destroy block pos: class_2338{x=1857, y=66, z=-205} class_2338{x=1856, y=65, z=-203}
[03:57:08] [Server thread/WARN]: Mismatch in destroy block pos: class_2338{x=1946, y=80, z=-145} class_2338{x=1945, y=79, z=-143}
[03:57:08] [Server thread/WARN]: Mismatch in destroy block pos: class_2338{x=1946, y=80, z=-145} class_2338{x=1945, y=79, z=-143}
[03:57:08] [Server thread/WARN]: Mismatch in destroy block pos: class_2338{x=1946, y=80, z=-145} class_2338{x=1945, y=79, z=-143}
[03:57:08] [Server thread/WARN]: Mismatch in destroy block pos: class_2338{x=1946, y=80, z=-145} class_2338{x=1945, y=79, z=-143}
[03:57:08] [Server thread/WARN]: Mismatch in destroy block pos: class_2338{x=1946, y=80, z=-145} class_2338{x=1945, y=79, z=-143}
[03:57:18] [Server thread/WARN]: Mismatch in destroy block pos: class_2338{x=1941, y=81, z=-144} class_2338{x=1942, y=79, z=-144}
[03:57:18] [Server thread/WARN]: Mismatch in destroy block pos: class_2338{x=1941, y=81, z=-144} class_2338{x=1942, y=79, z=-144}
[03:57:29] [Server thread/WARN]: Mismatch in destroy block pos: class_2338{x=1926, y=81, z=-121} class_2338{x=1924, y=82, z=-122}
[03:57:30] [Server thread/WARN]: Mismatch in destroy block pos: class_2338{x=1928, y=81, z=-124} class_2338{x=1928, y=79, z=-125}
[03:57:41] [Server thread/WARN]: Mismatch in destroy block pos: class_2338{x=1894, y=75, z=-140} class_2338{x=1894, y=75, z=-141}
[03:57:42] [Server thread/WARN]: Mismatch in destroy block pos: class_2338{x=1894, y=75, z=-140} class_2338{x=1894, y=75, z=-141}
[03:57:45] [Server thread/WARN]: Mismatch in destroy block pos: class_2338{x=1891, y=78, z=-147} class_2338{x=1892, y=76, z=-149}
[03:57:47] [Server thread/INFO]: Mastergame51 lost connection: Disconnected
[03:57:47] [Server thread/INFO]: Mastergame51 left the game
[03:57:51] [User Authenticator #6/INFO]: UUID of player Mastergame51 is f01281b5-98de-4a9a-872f-556e8d56c13c
[03:57:52] [Server thread/INFO]: Mastergame51[/100.117.166.33:52036] logged in with entity id 24043 at (1881.54647451693, 76.0, -141.76013554099444)
[03:57:52] [Server thread/INFO]: Mastergame51 joined the game
[03:58:37] [Server thread/WARN]: Mismatch in destroy block pos: class_2338{x=1901, y=72, z=-165} class_2338{x=1901, y=70, z=-165}
[03:58:37] [Server thread/WARN]: Mismatch in destroy block pos: class_2338{x=1901, y=72, z=-165} class_2338{x=1901, y=70, z=-165}
[03:58:37] [Server thread/WARN]: Mismatch in destroy block pos: class_2338{x=1901, y=71, z=-166} class_2338{x=1902, y=70, z=-167}
[03:58:40] [Server thread/WARN]: Mismatch in destroy block pos: class_2338{x=1898, y=70, z=-166} class_2338{x=1898, y=70, z=-165}
[03:59:49] [Server thread/INFO]: Arca_GG has made the advancement [The Parrots and the Bats]
[04:04:24] [Server thread/INFO]: Arca_GG fell from a high place
[04:10:00] [Server thread/WARN]: Failed to update secure chat state for Mastergame51: 'Chat disabled due to missing profile public key. Please try reconnecting.'
[04:10:00] [Server thread/INFO]: <Mastergame51> ez
[04:13:00] [Server thread/INFO]: Mastergame51 lost connection: Disconnected
[04:13:00] [Server thread/INFO]: Mastergame51 left the game
[04:13:02] [Server thread/INFO]: Arca_GG lost connection: Disconnected
[04:13:02] [Server thread/INFO]: Arca_GG left the game
[04:13:24] [Server thread/INFO]: Stopping the server
[04:13:24] [Server thread/INFO]: Stopping server
[04:13:24] [Server thread/INFO]: Saving players
[04:13:24] [Server thread/INFO]: Saving worlds
[04:13:24] [Server thread/INFO]: Saving chunks for level 'ServerLevel[world]'/minecraft:overworld
[04:13:24] [Server thread/INFO]: Saving chunks for level 'ServerLevel[world]'/minecraft:the_end
[04:13:24] [Server thread/INFO]: Saving chunks for level 'ServerLevel[world]'/minecraft:the_nether
[04:13:24] [Server thread/INFO]: ThreadedAnvilChunkStorage (world): All chunks are saved
[04:13:24] [Server thread/INFO]: ThreadedAnvilChunkStorage (DIM1): All chunks are saved
[04:13:24] [Server thread/INFO]: ThreadedAnvilChunkStorage (DIM-1): All chunks are saved
[04:13:24] [Server thread/INFO]: ThreadedAnvilChunkStorage: All dimensions are saved
